<?xml version="1.0" encoding="utf-8"?><testsuites><testsuite errors="0" failures="0" hostname="DESKTOP-UPCAI0U" name="pytest" skipped="0" tests="10" time="37.422" timestamp="2024-11-19T11:18:31.204180"><testcase classname="test_ExcellAllTestCase.TestExcelAllTestCases" name="test_formSubmission[test_case_data0]" time="5.680" /><testcase classname="test_ExcellAllTestCase.TestExcelAllTestCases" name="test_formSubmission[test_case_data1]" time="1.218" /><testcase classname="test_ExcellAllTestCase.TestExcelAllTestCases" name="test_formSubmission[test_case_data2]" time="1.206" /><testcase classname="test_ExcellAllTestCase.TestExcelAllTestCases" name="test_formSubmission[test_case_data3]" time="1.097" /><testcase classname="test_ExcellAllTestCase.TestExcelAllTestCases" name="test_formSubmission[test_case_data4]" time="1.202" /><testcase classname="test_ExcellAllTestCase.TestExcelAllTestCases" name="test_formSubmission[test_case_data5]" time="1.064" /><testcase classname="test_ExcellAllTestCase.TestExcelAllTestCases" name="test_formSubmission[test_case_data6]" time="1.039" /><testcase classname="test_ExcellAllTestCase.TestExcelAllTestCases" name="test_formSubmission[test_case_data7]" time="3.368" /><testcase classname="test_HomePage.TestHomePage" name="test_formSubmission[getData0]" time="6.517" /><testcase classname="test_e2e_PageObject.TestSecond" name="test_e2ePageObject" time="12.768" /></testsuite></testsuites>